<?xml version="1.0" encoding="UTF-8"?>
<!-- Generated by org.testng.reporters.JUnitReportReporter -->
<testsuite hostname="MH30031711" name="sample2.parallel" tests="2" failures="0" timestamp="23 Feb 2018 14:30:34 GMT" time="82.413" errors="0">
  <testcase name="run" time="16.996" classname="sample2.parallel"/>
  <testcase name="run" time="65.417" classname="sample2.parallel"/>
</testsuite> <!-- sample2.parallel -->
